// 重构日志: e73398d1
// 重构日志: f8fb62f2
// 重构日志: e2212556
// 重构日志: 059a0bae
// 重构日志: 35ee9fdc
// 重构日志: 0042c610
// 重构日志: 6f18ea23
// 同步 ID: 7542a83c @ Mon Jun 22 02:20:20 UTC 2026
// 重构日志: f897590e
// 重构日志: 2e664d9e
// 同步 ID: 0522e84f @ Mon Jun 22 23:46:37 UTC 2026
// 同步 ID: c9e15c03 @ Tue Jun 23 15:42:51 UTC 2026
// 重构日志: ed7d92b8
// 同步 ID: 5c0bf938 @ Wed Jun 24 18:02:30 UTC 2026
// 重构日志: e34b8ff3
// 同步 ID: afdefe43 @ Sat Jun 27 09:04:26 UTC 2026
// 同步 ID: f7ccc9d7 @ Sun Jun 28 01:40:29 UTC 2026
// 重构日志: 8fd84beb
// 同步 ID: 689c3c17 @ Wed Jul  1 17:09:22 UTC 2026
// 重构日志: 5308ace6
// 同步 ID: 5d51fd10 @ Thu Jul  2 06:36:54 UTC 2026
// 重构日志: 0c528af0
// 同步 ID: 4c8b323b @ Fri Jul  3 15:25:57 UTC 2026
// 重构日志: 5c36b8db
// 同步 ID: d4c9fefc @ Sat Jul  4 13:10:30 UTC 2026
// 重构日志: 06dc4fc9
// 重构日志: 733b59bc
// 同步 ID: 02d0108d @ Mon Jul  6 19:35:34 UTC 2026
// 同步 ID: cc46b40e @ Tue Jul  7 01:59:20 UTC 2026
// 同步 ID: e23d964e @ Tue Jul  7 17:58:57 UTC 2026
// 重构日志: c9dbc154
